<?xml version="1.0" encoding="UTF-8"?>
<testng-results skipped="0" failed="0" ignored="0" total="1" passed="1">
  <reporter-output>
  </reporter-output>
  <suite name="Default suite" duration-ms="2220" started-at="2019-04-18T04:24:10Z" finished-at="2019-04-18T04:24:13Z">
    <groups>
    </groups>
    <test name="Default test" duration-ms="2220" started-at="2019-04-18T04:24:10Z" finished-at="2019-04-18T04:24:13Z">
      <class name="Test.TestCase">
        <test-method status="PASS" signature="test()[pri:0, instance:Test.TestCase@482f8f11]" name="test" duration-ms="2184" started-at="2019-04-18T04:24:10Z" finished-at="2019-04-18T04:24:13Z">
          <reporter-output>
          </reporter-output>
        </test-method> <!-- test -->
      </class> <!-- Test.TestCase -->
    </test> <!-- Default test -->
  </suite> <!-- Default suite -->
</testng-results>
