<?xml version="1.0" encoding="UTF-8"?>
<testng-results skipped="0" failed="0" ignored="0" total="3" passed="3">
  <reporter-output>
  </reporter-output>
  <suite name="Default suite" duration-ms="7198" started-at="2019-04-29T10:33:17Z" finished-at="2019-04-29T10:33:25Z">
    <groups>
    </groups>
    <test name="Default test" duration-ms="7198" started-at="2019-04-29T10:33:17Z" finished-at="2019-04-29T10:33:25Z">
      <class name="Test.TestCase">
        <test-method status="PASS" signature="test()[pri:0, instance:Test.TestCase@1b604f19]" name="test" duration-ms="1354" started-at="2019-04-29T10:33:17Z" finished-at="2019-04-29T10:33:19Z">
          <reporter-output>
          </reporter-output>
        </test-method> <!-- test -->
        <test-method status="PASS" signature="testDelete()[pri:0, instance:Test.TestCase@1b604f19]" name="testDelete" duration-ms="2766" started-at="2019-04-29T10:33:19Z" finished-at="2019-04-29T10:33:22Z">
          <reporter-output>
          </reporter-output>
        </test-method> <!-- testDelete -->
        <test-method status="PASS" signature="testPost()[pri:0, instance:Test.TestCase@1b604f19]" name="testPost" duration-ms="3032" started-at="2019-04-29T10:33:22Z" finished-at="2019-04-29T10:33:25Z">
          <reporter-output>
          </reporter-output>
        </test-method> <!-- testPost -->
      </class> <!-- Test.TestCase -->
    </test> <!-- Default test -->
  </suite> <!-- Default suite -->
</testng-results>
