<?xml version="1.0" encoding="UTF-8"?>
<testng-results skipped="0" failed="0" ignored="0" total="1" passed="1">
  <reporter-output>
  </reporter-output>
  <suite name="Default suite" duration-ms="1466" started-at="2019-04-29T04:48:32Z" finished-at="2019-04-29T04:48:34Z">
    <groups>
    </groups>
    <test name="Default test" duration-ms="1466" started-at="2019-04-29T04:48:32Z" finished-at="2019-04-29T04:48:34Z">
      <class name="Test.TestCase">
        <test-method status="PASS" signature="test()[pri:0, instance:Test.TestCase@1b604f19]" name="test" duration-ms="1422" started-at="2019-04-29T04:48:32Z" finished-at="2019-04-29T04:48:34Z">
          <reporter-output>
          </reporter-output>
        </test-method> <!-- test -->
      </class> <!-- Test.TestCase -->
    </test> <!-- Default test -->
  </suite> <!-- Default suite -->
</testng-results>
