<?xml version="1.0" encoding="UTF-8"?>
<!-- Generated by org.testng.reporters.JUnitXMLReporter -->
<testsuite hostname="DESKTOP-1Q7PT2D" ignored="0" name="Default test" tests="3" failures="0" timestamp="29 Apr 2019 10:33:25 GMT" time="7.198" errors="0">
  <testcase name="test" time="1.354" classname="Test.TestCase"/>
  <testcase name="testDelete" time="2.766" classname="Test.TestCase"/>
  <testcase name="testPost" time="3.032" classname="Test.TestCase"/>
</testsuite> <!-- Default test -->
